<?xml version="1.0" encoding="UTF-8"?>
<!-- Generated by org.testng.reporters.JUnitReportReporter -->
<testsuite hostname="DESKTOP-7C2U4LA" failures="0" tests="1" name="testCases.TC_AccountRegistration_001" time="3.556" errors="0" timestamp="2025-06-18T14:04:50 EEST" skipped="0">
  <testcase classname="testCases.TC_AccountRegistration_001" name="verify_account_registration" time="3.556"/>
</testsuite> <!-- testCases.TC_AccountRegistration_001 -->
