<?xml version="1.0" encoding="UTF-8"?>
<!-- Generated by org.testng.reporters.JUnitReportReporter -->
<testsuite hostname="DESKTOP-7C2U4LA" failures="0" tests="1" name="testCases.TC_LoginTest_002" time="2.894" errors="0" timestamp="2025-06-19T12:22:24 EEST" skipped="0">
  <testcase classname="testCases.TC_LoginTest_002" name="verifyLogin" time="2.894"/>
</testsuite> <!-- testCases.TC_LoginTest_002 -->
